[2026-07-14T22:34:23.357Z] [INFO] 
🎌 AnimeKaiKai! API em http://localhost:5000
[2026-07-14T22:34:23.362Z] [INFO]    Endpoints: /api/animes, /api/index, /api/bulk, /api/sync, /api/calendar

[2026-07-14T22:34:29.202Z] [WARN] [jikan] Tentativa 1 falhou: HTTP 504
[2026-07-14T22:34:29.536Z] [WARN] [jikan] Tentativa 1 falhou: HTTP 504
[2026-07-14T22:34:30.425Z] [WARN] [jikan] Tentativa 2 falhou: HTTP 504
[2026-07-14T22:34:30.776Z] [WARN] [jikan] Tentativa 2 falhou: HTTP 504
[2026-07-14T22:34:32.646Z] [WARN] [jikan] Tentativa 3 falhou: HTTP 504
[2026-07-14T22:34:32.659Z] [WARN] [jikan] API indisponível, tentando ler cache local...
[2026-07-14T22:34:33.163Z] [WARN] [jikan] Tentativa 3 falhou: HTTP 504
[2026-07-14T22:34:33.257Z] [WARN] [jikan] API indisponível, tentando ler cache local...
[2026-07-14T22:34:33.393Z] [INFO] [sync] Iniciando sincronização de animes em exibição...
[2026-07-14T22:34:33.561Z] [INFO] [sync] Sincronizando: One Piece...
[2026-07-14T22:34:35.535Z] [INFO] [sync] Sincronizando: Tenkou-saki no Seiso Karen na Bishoujo ga, Mukashi Danshi to Omotte Issho ni Asonda Osananajimi Datta Ken...
[2026-07-14T22:34:36.705Z] [INFO] [sync] Concluído: 2 atualizados, 0 falhas.
[2026-07-14T22:37:04.663Z] [INFO] 
🎌 AnimeKaiKai! API em http://localhost:5000
[2026-07-14T22:37:04.673Z] [INFO]    Endpoints: /api/animes, /api/index, /api/bulk, /api/sync, /api/calendar

[2026-07-14T22:37:14.896Z] [INFO] [sync] Iniciando sincronização de animes em exibição...
[2026-07-14T22:37:15.234Z] [INFO] [sync] Sincronizando: One Piece...
[2026-07-14T22:37:17.286Z] [INFO] [sync] Sincronizando: Tenkou-saki no Seiso Karen na Bishoujo ga, Mukashi Danshi to Omotte Issho ni Asonda Osananajimi Datta Ken...
[2026-07-14T22:37:18.359Z] [INFO] [sync] Concluído: 2 atualizados, 0 falhas.
[2026-07-14T22:40:26.631Z] [INFO] 
🎌 AnimeKaiKai! API em http://localhost:5000
[2026-07-14T22:40:26.637Z] [INFO]    Endpoints: /api/animes, /api/index, /api/bulk, /api/sync, /api/calendar

[2026-07-14T22:40:36.964Z] [INFO] [sync] Iniciando sincronização de animes em exibição...
[2026-07-14T22:40:37.057Z] [INFO] [sync] Sincronizando: One Piece...
[2026-07-14T22:40:38.478Z] [INFO] [sync] Sincronizando: Tenkou-saki no Seiso Karen na Bishoujo ga, Mukashi Danshi to Omotte Issho ni Asonda Osananajimi Datta Ken...
[2026-07-14T22:40:39.757Z] [INFO] [sync] Concluído: 2 atualizados, 0 falhas.
[2026-07-14T22:42:23.464Z] [INFO] [sync] Iniciando sincronização de animes em exibição...
[2026-07-14T22:42:23.509Z] [INFO] [sync] Sincronizando: One Piece...
[2026-07-14T22:42:24.666Z] [INFO] [sync] Sincronizando: Kuroneko to Majo no Kyoushitsu...
[2026-07-14T22:42:25.641Z] [INFO] [sync] Sincronizando: Tenkou-saki no Seiso Karen na Bishoujo ga, Mukashi Danshi to Omotte Issho ni Asonda Osananajimi Datta Ken...
[2026-07-14T22:42:26.600Z] [INFO] [sync] Concluído: 3 atualizados, 0 falhas.
[2026-07-14T23:40:37.074Z] [INFO] [sync] Iniciando sincronização de animes em exibição...
[2026-07-14T23:40:37.103Z] [INFO] [sync] Sincronizando: One Piece...
[2026-07-14T23:40:38.482Z] [INFO] [sync] Sincronizando: Kuroneko to Majo no Kyoushitsu...
[2026-07-14T23:40:39.453Z] [INFO] [sync] Sincronizando: Tenkou-saki no Seiso Karen na Bishoujo ga, Mukashi Danshi to Omotte Issho ni Asonda Osananajimi Datta Ken...
[2026-07-14T23:40:40.473Z] [INFO] [sync] Concluído: 3 atualizados, 0 falhas.
[2026-07-15T00:05:26.338Z] [WARN] ⚠️ MONGO_URL não configurado! Usando sistema de arquivos local (arquivos podem ser apagados pelo Render).
[2026-07-15T00:40:37.087Z] [INFO] [sync] Iniciando sincronização de animes em exibição...
[2026-07-15T00:40:37.130Z] [INFO] [sync] Sincronizando: One Piece...
[2026-07-15T00:40:38.220Z] [INFO] [sync] Sincronizando: Kuroneko to Majo no Kyoushitsu...
[2026-07-15T00:40:39.191Z] [INFO] [sync] Sincronizando: Tenkou-saki no Seiso Karen na Bishoujo ga, Mukashi Danshi to Omotte Issho ni Asonda Osananajimi Datta Ken...
[2026-07-15T00:40:40.165Z] [INFO] [sync] Concluído: 3 atualizados, 0 falhas.
[2026-07-15T15:41:19.874Z] [WARN] ⚠️ MONGO_URL não configurado! Usando sistema de arquivos local (arquivos podem ser apagados pelo Render).
[2026-07-15T15:41:19.886Z] [INFO] 
🎌 AnimeKaiKai! API em http://localhost:5000
[2026-07-15T15:41:19.887Z] [INFO]    Endpoints: /api/animes, /api/index, /api/bulk, /api/sync, /api/calendar

[2026-07-15T16:02:01.479Z] [WARN] ⚠️ MONGO_URL não configurado! Usando sistema de arquivos local (arquivos podem ser apagados pelo Render).
[2026-07-15T16:02:01.524Z] [INFO] 
🎌 AnimeKaiKai! API em http://localhost:5000
[2026-07-15T16:02:01.553Z] [INFO]    Endpoints: /api/animes, /api/index, /api/bulk, /api/sync, /api/calendar

[2026-07-15T16:02:11.559Z] [INFO] [sync] Iniciando sincronização de animes em exibição...
[2026-07-15T16:02:11.595Z] [INFO] [sync] Sincronizando: Kuroneko to Majo no Kyoushitsu...
[2026-07-15T16:02:12.814Z] [INFO] [sync] Sincronizando: Tenkou-saki no Seiso Karen na Bishoujo ga, Mukashi Danshi to Omotte Issho ni Asonda Osananajimi Datta Ken...
[2026-07-15T16:02:13.805Z] [INFO] [sync] Sincronizando: Hanaori-san wa Tensei shitemo Kenka ga Shitai...
[2026-07-15T16:02:14.793Z] [INFO] [sync] Concluído: 3 atualizados, 0 falhas.
[2026-07-15T16:02:24.476Z] [INFO] [DEBUG] GET /api/animes | IP: ::1 | Origin: Nenhum | User-Agent: Mozilla/5.0 (Windows NT 10.0; Win64; x64) AppleWeb
[2026-07-15T16:02:24.664Z] [INFO] [DEBUG] GET /api/genres | IP: ::1 | Origin: Nenhum | User-Agent: Mozilla/5.0 (Windows NT 10.0; Win64; x64) AppleWeb
[2026-07-15T16:02:24.771Z] [INFO] [DEBUG] GET /api/calendar | IP: ::1 | Origin: Nenhum | User-Agent: Mozilla/5.0 (Windows NT 10.0; Win64; x64) AppleWeb
[2026-07-15T16:02:24.800Z] [INFO] [DEBUG] GET /api/users | IP: ::1 | Origin: Nenhum | User-Agent: Mozilla/5.0 (Windows NT 10.0; Win64; x64) AppleWeb
[2026-07-15T16:02:24.808Z] [INFO] [DEBUG] GET /api/stats | IP: ::1 | Origin: Nenhum | User-Agent: Mozilla/5.0 (Windows NT 10.0; Win64; x64) AppleWeb
[2026-07-15T16:02:24.917Z] [INFO] [DEBUG] GET /api/airing | IP: ::1 | Origin: Nenhum | User-Agent: Mozilla/5.0 (Windows NT 10.0; Win64; x64) AppleWeb
[2026-07-15T16:02:26.358Z] [INFO] [DEBUG] POST /api/login | IP: ::1 | Origin: http://localhost:5000 | User-Agent: Mozilla/5.0 (Windows NT 10.0; Win64; x64) AppleWeb
[2026-07-15T16:02:29.167Z] [INFO] [DEBUG] POST /api/login | IP: ::1 | Origin: http://localhost:5000 | User-Agent: Mozilla/5.0 (Windows NT 10.0; Win64; x64) AppleWeb
[2026-07-15T16:02:30.727Z] [INFO] [DEBUG] POST /api/login | IP: ::1 | Origin: http://localhost:5000 | User-Agent: Mozilla/5.0 (Windows NT 10.0; Win64; x64) AppleWeb
[2026-07-15T16:02:43.311Z] [INFO] [DEBUG] POST /api/login | IP: ::1 | Origin: http://localhost:5000 | User-Agent: Mozilla/5.0 (Windows NT 10.0; Win64; x64) AppleWeb
[2026-07-15T16:03:50.241Z] [WARN] ⚠️ MONGO_URL não configurado! Usando sistema de arquivos local (arquivos podem ser apagados pelo Render).
[2026-07-15T16:03:50.260Z] [INFO] 
🎌 AnimeKaiKai! API em http://localhost:5000
[2026-07-15T16:03:50.263Z] [INFO]    Endpoints: /api/animes, /api/index, /api/bulk, /api/sync, /api/calendar

[2026-07-15T16:04:27.798Z] [WARN] ⚠️ MONGO_URL não configurado! Usando sistema de arquivos local (arquivos podem ser apagados pelo Render).
[2026-07-15T16:04:27.819Z] [INFO] 
🎌 AnimeKaiKai! API em http://localhost:5000
[2026-07-15T16:04:27.824Z] [INFO]    Endpoints: /api/animes, /api/index, /api/bulk, /api/sync, /api/calendar

[2026-07-15T16:04:39.211Z] [WARN] ⚠️ MONGO_URL não configurado! Usando sistema de arquivos local (arquivos podem ser apagados pelo Render).
[2026-07-15T16:04:39.226Z] [INFO] 
🎌 AnimeKaiKai! API em http://localhost:5000
[2026-07-15T16:04:39.231Z] [INFO]    Endpoints: /api/animes, /api/index, /api/bulk, /api/sync, /api/calendar

[2026-07-15T16:08:12.024Z] [WARN] ⚠️ MONGO_URL não configurado! Usando sistema de arquivos local (arquivos podem ser apagados pelo Render).
[2026-07-15T16:08:12.077Z] [INFO] 
🎌 AnimeKaiKai! API em http://localhost:5000
[2026-07-15T16:08:12.084Z] [INFO]    Endpoints: /api/animes, /api/index, /api/bulk, /api/sync, /api/calendar

[2026-07-15T16:08:22.088Z] [INFO] [sync] Iniciando sincronização de animes em exibição...
[2026-07-15T16:08:22.127Z] [INFO] [sync] Sincronizando: Kuroneko to Majo no Kyoushitsu...
[2026-07-15T16:08:23.326Z] [INFO] [sync] Sincronizando: Tenkou-saki no Seiso Karen na Bishoujo ga, Mukashi Danshi to Omotte Issho ni Asonda Osananajimi Datta Ken...
[2026-07-15T16:08:24.318Z] [INFO] [sync] Sincronizando: Hanaori-san wa Tensei shitemo Kenka ga Shitai...
[2026-07-15T16:08:25.309Z] [INFO] [sync] Concluído: 3 atualizados, 0 falhas.
[2026-07-15T16:10:58.910Z] [WARN] ⚠️ MONGO_URL não configurado! Usando sistema de arquivos local (arquivos podem ser apagados pelo Render).
[2026-07-15T16:10:58.924Z] [INFO] 
🎌 AnimeKaiKai! API em http://localhost:5000
[2026-07-15T16:10:58.934Z] [INFO]    Endpoints: /api/animes, /api/index, /api/bulk, /api/sync, /api/calendar

