[2026-07-14T22:34:23.357Z] [INFO] 
🎌 AnimeKaiKai! API em http://localhost:5000
[2026-07-14T22:34:23.362Z] [INFO]    Endpoints: /api/animes, /api/index, /api/bulk, /api/sync, /api/calendar

[2026-07-14T22:34:29.202Z] [WARN] [jikan] Tentativa 1 falhou: HTTP 504
[2026-07-14T22:34:29.536Z] [WARN] [jikan] Tentativa 1 falhou: HTTP 504
[2026-07-14T22:34:30.425Z] [WARN] [jikan] Tentativa 2 falhou: HTTP 504
[2026-07-14T22:34:30.776Z] [WARN] [jikan] Tentativa 2 falhou: HTTP 504
[2026-07-14T22:34:32.646Z] [WARN] [jikan] Tentativa 3 falhou: HTTP 504
[2026-07-14T22:34:32.659Z] [WARN] [jikan] API indisponível, tentando ler cache local...
[2026-07-14T22:34:33.163Z] [WARN] [jikan] Tentativa 3 falhou: HTTP 504
[2026-07-14T22:34:33.257Z] [WARN] [jikan] API indisponível, tentando ler cache local...
[2026-07-14T22:34:33.393Z] [INFO] [sync] Iniciando sincronização de animes em exibição...
[2026-07-14T22:34:33.561Z] [INFO] [sync] Sincronizando: One Piece...
[2026-07-14T22:34:35.535Z] [INFO] [sync] Sincronizando: Tenkou-saki no Seiso Karen na Bishoujo ga, Mukashi Danshi to Omotte Issho ni Asonda Osananajimi Datta Ken...
[2026-07-14T22:34:36.705Z] [INFO] [sync] Concluído: 2 atualizados, 0 falhas.
[2026-07-14T22:37:04.663Z] [INFO] 
🎌 AnimeKaiKai! API em http://localhost:5000
[2026-07-14T22:37:04.673Z] [INFO]    Endpoints: /api/animes, /api/index, /api/bulk, /api/sync, /api/calendar

[2026-07-14T22:37:14.896Z] [INFO] [sync] Iniciando sincronização de animes em exibição...
[2026-07-14T22:37:15.234Z] [INFO] [sync] Sincronizando: One Piece...
[2026-07-14T22:37:17.286Z] [INFO] [sync] Sincronizando: Tenkou-saki no Seiso Karen na Bishoujo ga, Mukashi Danshi to Omotte Issho ni Asonda Osananajimi Datta Ken...
[2026-07-14T22:37:18.359Z] [INFO] [sync] Concluído: 2 atualizados, 0 falhas.
[2026-07-14T22:40:26.631Z] [INFO] 
🎌 AnimeKaiKai! API em http://localhost:5000
[2026-07-14T22:40:26.637Z] [INFO]    Endpoints: /api/animes, /api/index, /api/bulk, /api/sync, /api/calendar

[2026-07-14T22:40:36.964Z] [INFO] [sync] Iniciando sincronização de animes em exibição...
[2026-07-14T22:40:37.057Z] [INFO] [sync] Sincronizando: One Piece...
[2026-07-14T22:40:38.478Z] [INFO] [sync] Sincronizando: Tenkou-saki no Seiso Karen na Bishoujo ga, Mukashi Danshi to Omotte Issho ni Asonda Osananajimi Datta Ken...
[2026-07-14T22:40:39.757Z] [INFO] [sync] Concluído: 2 atualizados, 0 falhas.
[2026-07-14T22:42:23.464Z] [INFO] [sync] Iniciando sincronização de animes em exibição...
[2026-07-14T22:42:23.509Z] [INFO] [sync] Sincronizando: One Piece...
[2026-07-14T22:42:24.666Z] [INFO] [sync] Sincronizando: Kuroneko to Majo no Kyoushitsu...
[2026-07-14T22:42:25.641Z] [INFO] [sync] Sincronizando: Tenkou-saki no Seiso Karen na Bishoujo ga, Mukashi Danshi to Omotte Issho ni Asonda Osananajimi Datta Ken...
[2026-07-14T22:42:26.600Z] [INFO] [sync] Concluído: 3 atualizados, 0 falhas.
[2026-07-15T16:42:59.445Z] [ERROR] ❌ Erro fatal ao conectar ao MongoDB: Error: querySrv ECONNREFUSED _mongodb._tcp.cluster0.i0as5fi.mongodb.net
    at QueryReqWrap.onresolve [as oncomplete] (node:internal/dns/promises:293:17) {
  errno: undefined,
  code: 'ECONNREFUSED',
  syscall: 'querySrv',
  hostname: '_mongodb._tcp.cluster0.i0as5fi.mongodb.net'
}
[2026-07-15T16:42:59.462Z] [INFO] 
🎌 AnimeKaiKai! API em http://localhost:5000
[2026-07-15T16:42:59.465Z] [INFO]    Endpoints: /api/animes, /api/index, /api/bulk, /api/sync, /api/calendar

[2026-07-15T16:43:03.029Z] [INFO] [DEBUG] GET /api/animes | IP: ::1 | Origin: Nenhum | User-Agent: Mozilla/5.0 (Windows NT 10.0; Win64; x64) AppleWeb
[2026-07-15T16:43:03.123Z] [INFO] [DEBUG] GET /api/genres | IP: ::1 | Origin: Nenhum | User-Agent: Mozilla/5.0 (Windows NT 10.0; Win64; x64) AppleWeb
[2026-07-15T16:43:03.225Z] [INFO] [DEBUG] GET /api/calendar | IP: ::1 | Origin: Nenhum | User-Agent: Mozilla/5.0 (Windows NT 10.0; Win64; x64) AppleWeb
[2026-07-15T16:43:03.307Z] [INFO] [DEBUG] GET /api/airing | IP: ::1 | Origin: Nenhum | User-Agent: Mozilla/5.0 (Windows NT 10.0; Win64; x64) AppleWeb
[2026-07-15T16:43:03.384Z] [INFO] [DEBUG] GET /api/users | IP: ::1 | Origin: Nenhum | User-Agent: Mozilla/5.0 (Windows NT 10.0; Win64; x64) AppleWeb
[2026-07-15T16:43:03.398Z] [INFO] [DEBUG] GET /api/stats | IP: ::1 | Origin: Nenhum | User-Agent: Mozilla/5.0 (Windows NT 10.0; Win64; x64) AppleWeb
[2026-07-15T16:43:06.417Z] [INFO] [DEBUG] POST /api/login | IP: ::1 | Origin: http://localhost:5000 | User-Agent: Mozilla/5.0 (Windows NT 10.0; Win64; x64) AppleWeb
[2026-07-15T16:43:09.487Z] [INFO] [sync] Iniciando sincronização de animes em exibição...
[2026-07-15T16:43:09.546Z] [INFO] [sync] Sincronizando: Kuroneko to Majo no Kyoushitsu...
[2026-07-15T16:43:10.909Z] [INFO] [sync] Sincronizando: Tenkou-saki no Seiso Karen na Bishoujo ga, Mukashi Danshi to Omotte Issho ni Asonda Osananajimi Datta Ken...
[2026-07-15T16:43:11.996Z] [INFO] [sync] Sincronizando: Hanaori-san wa Tensei shitemo Kenka ga Shitai...
[2026-07-15T16:43:13.099Z] [INFO] [sync] Concluído: 3 atualizados, 0 falhas.
[2026-07-15T16:43:14.504Z] [INFO] [DEBUG] POST /api/login | IP: ::1 | Origin: http://localhost:5000 | User-Agent: Mozilla/5.0 (Windows NT 10.0; Win64; x64) AppleWeb
[2026-07-15T16:43:15.182Z] [INFO] [DEBUG] POST /api/login | IP: ::1 | Origin: http://localhost:5000 | User-Agent: Mozilla/5.0 (Windows NT 10.0; Win64; x64) AppleWeb
